```
dodinaev@jienshakh:~/k8s_storing$ kubectl describe pods data-exchange
Name:             data-exchange-59f6ff9b49-p258v
Namespace:        default
Priority:         0
Service Account:  default
Node:             jienshakh/10.130.0.33
Start Time:       Wed, 04 Mar 2026 13:51:54 +0000
Labels:           app=data-exchange-app
                  pod-template-hash=59f6ff9b49
Annotations:      cni.projectcalico.org/containerID: 8797b0a1252e62dff71de05fc5a9d1270ec900f90f3cc9db9c649a265dd04127
                  cni.projectcalico.org/podIP: 10.1.98.236/32
                  cni.projectcalico.org/podIPs: 10.1.98.236/32
Status:           Running
IP:               10.1.98.236
IPs:
  IP:           10.1.98.236
Controlled By:  ReplicaSet/data-exchange-59f6ff9b49
Containers:
  busybox:
    Container ID:  containerd://67c087d75f66e6880495b76d8fef82f787437f99ca1ecb9588d4c84a97b30fb2
    Image:         busybox
    Image ID:      docker.io/library/busybox@sha256:b3255e7dfbcd10cb367af0d409747d511aeb66dfac98cf30e97e87e4207dd76f
    Port:          <none>
    Host Port:     <none>
    Command:
      /bin/sh
      -c
    Args:
      while true; do echo $(date) >> /tmp/shared-bb/date.txt; sleep 5; done
    State:          Running
      Started:      Wed, 04 Mar 2026 13:51:56 +0000
    Ready:          True
    Restart Count:  0
    Environment:    <none>
    Mounts:
      /tmp/shared-bb from shared-dir (rw)
      /var/run/secrets/kubernetes.io/serviceaccount from kube-api-access-g5cx8 (ro)
  multitool:
    Container ID:  containerd://7c41b4b0789b2fad80c5f80ea0a752f278619d566ad79972e22bf2c174ba5301
    Image:         wbitt/network-multitool:3.22
    Image ID:      docker.io/wbitt/network-multitool@sha256:e447e6446a6680adc67fac9423584225b4e957c706d9fafa3ee3634e1131c266
    Port:          <none>
    Host Port:     <none>
    Command:
      /bin/sh
      -c
    Args:
      tail -f /tmp/shared-mt/date.txt
    State:          Running
      Started:      Wed, 04 Mar 2026 13:51:56 +0000
    Ready:          True
    Restart Count:  0
    Environment:
      HTTP_PORT:  8080
    Mounts:
      /tmp/shared-mt from shared-dir (rw)
      /var/run/secrets/kubernetes.io/serviceaccount from kube-api-access-g5cx8 (ro)
Conditions:
  Type                        Status
  PodReadyToStartContainers   True
  Initialized                 True
  Ready                       True
  ContainersReady             True
  PodScheduled                True
Volumes:
  shared-dir:
    Type:       EmptyDir (a temporary directory that shares a pod's lifetime)
    Medium:
    SizeLimit:  <unset>
  kube-api-access-g5cx8:
    Type:                    Projected (a volume that contains injected data from multiple sources)
    TokenExpirationSeconds:  3607
    ConfigMapName:           kube-root-ca.crt
    ConfigMapOptional:       <nil>
    DownwardAPI:             true
QoS Class:                   BestEffort
Node-Selectors:              <none>
Tolerations:                 node.kubernetes.io/not-ready:NoExecute op=Exists for 300s
                             node.kubernetes.io/unreachable:NoExecute op=Exists for 300s
Events:
  Type    Reason     Age   From               Message
  ----    ------     ----  ----               -------
  Normal  Scheduled  19s   default-scheduler  Successfully assigned default/data-exchange-59f6ff9b49-p258v to jienshakh
  Normal  Pulling    19s   kubelet            Pulling image "busybox"
  Normal  Pulled     18s   kubelet            Successfully pulled image "busybox" in 759ms (759ms including waiting). Image size: 2222260 bytes.
  Normal  Created    18s   kubelet            Created container: busybox
  Normal  Started    18s   kubelet            Started container busybox
  Normal  Pulled     18s   kubelet            Container image "wbitt/network-multitool:3.22" already present on machine
  Normal  Created    18s   kubelet            Created container: multitool
  Normal  Started    18s   kubelet            Started container multitool

```